<?xml version="1.0" encoding="UTF-8"?>
<coverage generated="1666320716133" clover="3.2.0">
  <project timestamp="1666320716133" name="All files">
    <metrics statements="74" coveredstatements="54" conditionals="8" coveredconditionals="4" methods="25" coveredmethods="15" elements="107" coveredelements="73" complexity="0" loc="74" ncloc="74" packages="1" files="3" classes="3"/>
    <file name="db.js" path="/Users/zefengshen/Documents/hack reactor/rpp2204-sdc/sdc-questions-answers/db.js">
      <metrics statements="19" coveredstatements="14" conditionals="0" coveredconditionals="0" methods="8" coveredmethods="5"/>
      <line num="3" count="1" type="stmt"/>
      <line num="4" count="1" type="stmt"/>
      <line num="6" count="1" type="stmt"/>
      <line num="7" count="1" type="stmt"/>
      <line num="10" count="0" type="stmt"/>
      <line num="15" count="1" type="stmt"/>
      <line num="16" count="1" type="stmt"/>
      <line num="19" count="1" type="stmt"/>
      <line num="20" count="1" type="stmt"/>
      <line num="23" count="1" type="stmt"/>
      <line num="24" count="0" type="stmt"/>
      <line num="29" count="1" type="stmt"/>
      <line num="30" count="1" type="stmt"/>
      <line num="34" count="1" type="stmt"/>
      <line num="35" count="1" type="stmt"/>
      <line num="39" count="1" type="stmt"/>
      <line num="40" count="0" type="stmt"/>
      <line num="41" count="0" type="stmt"/>
      <line num="42" count="0" type="stmt"/>
    </file>
    <file name="index.js" path="/Users/zefengshen/Documents/hack reactor/rpp2204-sdc/sdc-questions-answers/index.js">
      <metrics statements="50" coveredstatements="35" conditionals="8" coveredconditionals="4" methods="17" coveredmethods="10"/>
      <line num="2" count="1" type="stmt"/>
      <line num="3" count="1" type="stmt"/>
      <line num="4" count="1" type="stmt"/>
      <line num="5" count="1" type="stmt"/>
      <line num="6" count="1" type="stmt"/>
      <line num="8" count="1" type="stmt"/>
      <line num="10" count="1" type="stmt"/>
      <line num="11" count="1" type="stmt"/>
      <line num="14" count="1" type="stmt"/>
      <line num="16" count="1" type="stmt"/>
      <line num="17" count="1" type="cond" truecount="1" falsecount="1"/>
      <line num="18" count="0" type="stmt"/>
      <line num="20" count="1" type="stmt"/>
      <line num="22" count="1" type="cond" truecount="3" falsecount="1"/>
      <line num="23" count="0" type="stmt"/>
      <line num="25" count="1" type="stmt"/>
      <line num="27" count="1" type="stmt"/>
      <line num="30" count="0" type="stmt"/>
      <line num="36" count="1" type="stmt"/>
      <line num="38" count="1" type="stmt"/>
      <line num="39" count="1" type="stmt"/>
      <line num="40" count="1" type="stmt"/>
      <line num="41" count="1" type="stmt"/>
      <line num="44" count="1" type="stmt"/>
      <line num="46" count="1" type="stmt"/>
      <line num="50" count="0" type="stmt"/>
      <line num="55" count="1" type="stmt"/>
      <line num="56" count="0" type="stmt"/>
      <line num="57" count="0" type="stmt"/>
      <line num="58" count="0" type="stmt"/>
      <line num="59" count="0" type="stmt"/>
      <line num="60" count="0" type="stmt"/>
      <line num="61" count="0" type="cond" truecount="0" falsecount="2"/>
      <line num="63" count="0" type="stmt"/>
      <line num="65" count="0" type="stmt"/>
      <line num="68" count="0" type="stmt"/>
      <line num="73" count="1" type="stmt"/>
      <line num="74" count="1" type="stmt"/>
      <line num="75" count="1" type="stmt"/>
      <line num="76" count="1" type="stmt"/>
      <line num="78" count="1" type="stmt"/>
      <line num="81" count="0" type="stmt"/>
      <line num="85" count="1" type="stmt"/>
      <line num="86" count="1" type="stmt"/>
      <line num="87" count="1" type="stmt"/>
      <line num="89" count="1" type="stmt"/>
      <line num="92" count="0" type="stmt"/>
      <line num="111" count="1" type="stmt"/>
      <line num="112" count="1" type="stmt"/>
      <line num="118" count="1" type="stmt"/>
    </file>
    <file name="schema.js" path="/Users/zefengshen/Documents/hack reactor/rpp2204-sdc/sdc-questions-answers/schema.js">
      <metrics statements="5" coveredstatements="5" conditionals="0" coveredconditionals="0" methods="0" coveredmethods="0"/>
      <line num="3" count="1" type="stmt"/>
      <line num="4" count="1" type="stmt"/>
      <line num="7" count="1" type="stmt"/>
      <line num="33" count="1" type="stmt"/>
      <line num="37" count="1" type="stmt"/>
    </file>
  </project>
</coverage>
