{"/Users/zefengshen/Documents/hack reactor/rpp2204-sdc/sdc-questions-answers/db.js": {"path":"/Users/zefengshen/Documents/hack reactor/rpp2204-sdc/sdc-questions-answers/db.js","statementMap":{"0":{"start":{"line":3,"column":17},"end":{"line":3,"column":36}},"1":{"start":{"line":4,"column":23},"end":{"line":4,"column":45}},"2":{"start":{"line":6,"column":11},"end":{"line":11,"column":2}},"3":{"start":{"line":7,"column":2},"end":{"line":7,"column":35}},"4":{"start":{"line":10,"column":2},"end":{"line":10,"column":18}},"5":{"start":{"line":15,"column":0},"end":{"line":17,"column":1}},"6":{"start":{"line":16,"column":4},"end":{"line":16,"column":93}},"7":{"start":{"line":19,"column":0},"end":{"line":21,"column":1}},"8":{"start":{"line":20,"column":2},"end":{"line":20,"column":145}},"9":{"start":{"line":23,"column":0},"end":{"line":27,"column":1}},"10":{"start":{"line":24,"column":2},"end":{"line":25,"column":161}},"11":{"start":{"line":29,"column":0},"end":{"line":32,"column":1}},"12":{"start":{"line":30,"column":2},"end":{"line":31,"column":49}},"13":{"start":{"line":34,"column":0},"end":{"line":37,"column":1}},"14":{"start":{"line":35,"column":2},"end":{"line":36,"column":40}},"15":{"start":{"line":39,"column":0},"end":{"line":44,"column":1}},"16":{"start":{"line":40,"column":15},"end":{"line":40,"column":38}},"17":{"start":{"line":41,"column":15},"end":{"line":41,"column":49}},"18":{"start":{"line":42,"column":2},"end":{"line":43,"column":27}},"19":{"start":{"line":46,"column":0},"end":{"line":51,"column":1}},"20":{"start":{"line":47,"column":15},"end":{"line":47,"column":38}},"21":{"start":{"line":48,"column":15},"end":{"line":48,"column":52}},"22":{"start":{"line":49,"column":2},"end":{"line":50,"column":27}}},"fnMap":{"0":{"name":"(anonymous_0)","decl":{"start":{"line":6,"column":55},"end":{"line":6,"column":56}},"loc":{"start":{"line":6,"column":60},"end":{"line":8,"column":1}},"line":6},"1":{"name":"(anonymous_1)","decl":{"start":{"line":9,"column":7},"end":{"line":9,"column":8}},"loc":{"start":{"line":9,"column":14},"end":{"line":11,"column":1}},"line":9},"2":{"name":"(anonymous_2)","decl":{"start":{"line":15,"column":17},"end":{"line":15,"column":18}},"loc":{"start":{"line":15,"column":30},"end":{"line":17,"column":1}},"line":15},"3":{"name":"(anonymous_3)","decl":{"start":{"line":19,"column":23},"end":{"line":19,"column":24}},"loc":{"start":{"line":19,"column":42},"end":{"line":21,"column":1}},"line":19},"4":{"name":"(anonymous_4)","decl":{"start":{"line":23,"column":21},"end":{"line":23,"column":22}},"loc":{"start":{"line":23,"column":54},"end":{"line":27,"column":1}},"line":23},"5":{"name":"(anonymous_5)","decl":{"start":{"line":29,"column":25},"end":{"line":29,"column":26}},"loc":{"start":{"line":29,"column":32},"end":{"line":32,"column":1}},"line":29},"6":{"name":"(anonymous_6)","decl":{"start":{"line":34,"column":22},"end":{"line":34,"column":23}},"loc":{"start":{"line":34,"column":29},"end":{"line":37,"column":1}},"line":34},"7":{"name":"(anonymous_7)","decl":{"start":{"line":39,"column":20},"end":{"line":39,"column":21}},"loc":{"start":{"line":39,"column":27},"end":{"line":44,"column":1}},"line":39},"8":{"name":"(anonymous_8)","decl":{"start":{"line":46,"column":25},"end":{"line":46,"column":26}},"loc":{"start":{"line":46,"column":32},"end":{"line":51,"column":1}},"line":46}},"branchMap":{},"s":{"0":1,"1":1,"2":1,"3":1,"4":0,"5":1,"6":1,"7":1,"8":1,"9":1,"10":0,"11":1,"12":1,"13":1,"14":1,"15":1,"16":0,"17":0,"18":0,"19":1,"20":0,"21":0,"22":0},"f":{"0":1,"1":0,"2":1,"3":1,"4":0,"5":1,"6":1,"7":0,"8":0},"b":{},"_coverageSchema":"1a1c01bbd47fc00a2c39e90264f33305004495a9","hash":"8bc2d51dd9684b594857f30ae2a68bc7afc25258"}
,"/Users/zefengshen/Documents/hack reactor/rpp2204-sdc/sdc-questions-answers/index.js": {"path":"/Users/zefengshen/Documents/hack reactor/rpp2204-sdc/sdc-questions-answers/index.js","statementMap":{"0":{"start":{"line":2,"column":16},"end":{"line":2,"column":34}},"1":{"start":{"line":3,"column":0},"end":{"line":3,"column":27}},"2":{"start":{"line":4,"column":12},"end":{"line":4,"column":21}},"3":{"start":{"line":5,"column":13},"end":{"line":5,"column":29}},"4":{"start":{"line":6,"column":11},"end":{"line":6,"column":29}},"5":{"start":{"line":8,"column":0},"end":{"line":8,"column":24}},"6":{"start":{"line":10,"column":0},"end":{"line":12,"column":2}},"7":{"start":{"line":11,"column":2},"end":{"line":11,"column":33}},"8":{"start":{"line":14,"column":0},"end":{"line":34,"column":2}},"9":{"start":{"line":16,"column":21},"end":{"line":16,"column":51}},"10":{"start":{"line":17,"column":4},"end":{"line":21,"column":5}},"11":{"start":{"line":18,"column":6},"end":{"line":18,"column":15}},"12":{"start":{"line":20,"column":6},"end":{"line":20,"column":39}},"13":{"start":{"line":22,"column":4},"end":{"line":33,"column":5}},"14":{"start":{"line":23,"column":6},"end":{"line":23,"column":43}},"15":{"start":{"line":25,"column":6},"end":{"line":31,"column":8}},"16":{"start":{"line":27,"column":8},"end":{"line":27,"column":41}},"17":{"start":{"line":30,"column":8},"end":{"line":30,"column":33}},"18":{"start":{"line":36,"column":0},"end":{"line":53,"column":2}},"19":{"start":{"line":38,"column":15},"end":{"line":38,"column":28}},"20":{"start":{"line":39,"column":15},"end":{"line":39,"column":28}},"21":{"start":{"line":40,"column":13},"end":{"line":40,"column":32}},"22":{"start":{"line":41,"column":4},"end":{"line":41,"column":27}},"23":{"start":{"line":44,"column":4},"end":{"line":51,"column":6}},"24":{"start":{"line":46,"column":6},"end":{"line":46,"column":36}},"25":{"start":{"line":50,"column":6},"end":{"line":50,"column":31}},"26":{"start":{"line":55,"column":0},"end":{"line":71,"column":2}},"27":{"start":{"line":56,"column":2},"end":{"line":56,"column":25}},"28":{"start":{"line":57,"column":13},"end":{"line":57,"column":26}},"29":{"start":{"line":58,"column":13},"end":{"line":58,"column":26}},"30":{"start":{"line":59,"column":14},"end":{"line":59,"column":28}},"31":{"start":{"line":60,"column":11},"end":{"line":60,"column":24}},"32":{"start":{"line":61,"column":14},"end":{"line":61,"column":34}},"33":{"start":{"line":63,"column":2},"end":{"line":69,"column":6}},"34":{"start":{"line":65,"column":6},"end":{"line":65,"column":36}},"35":{"start":{"line":68,"column":6},"end":{"line":68,"column":31}},"36":{"start":{"line":73,"column":0},"end":{"line":83,"column":2}},"37":{"start":{"line":74,"column":2},"end":{"line":74,"column":28}},"38":{"start":{"line":75,"column":11},"end":{"line":75,"column":24}},"39":{"start":{"line":76,"column":2},"end":{"line":82,"column":4}},"40":{"start":{"line":78,"column":4},"end":{"line":78,"column":34}},"41":{"start":{"line":81,"column":4},"end":{"line":81,"column":29}},"42":{"start":{"line":85,"column":0},"end":{"line":94,"column":2}},"43":{"start":{"line":86,"column":11},"end":{"line":86,"column":24}},"44":{"start":{"line":87,"column":2},"end":{"line":93,"column":4}},"45":{"start":{"line":89,"column":4},"end":{"line":89,"column":34}},"46":{"start":{"line":92,"column":4},"end":{"line":92,"column":29}},"47":{"start":{"line":96,"column":0},"end":{"line":106,"column":2}},"48":{"start":{"line":97,"column":11},"end":{"line":97,"column":24}},"49":{"start":{"line":98,"column":2},"end":{"line":105,"column":4}},"50":{"start":{"line":100,"column":4},"end":{"line":100,"column":34}},"51":{"start":{"line":103,"column":4},"end":{"line":103,"column":29}},"52":{"start":{"line":104,"column":4},"end":{"line":104,"column":20}},"53":{"start":{"line":108,"column":0},"end":{"line":118,"column":2}},"54":{"start":{"line":109,"column":11},"end":{"line":109,"column":24}},"55":{"start":{"line":110,"column":2},"end":{"line":117,"column":4}},"56":{"start":{"line":112,"column":4},"end":{"line":112,"column":34}},"57":{"start":{"line":115,"column":4},"end":{"line":115,"column":29}},"58":{"start":{"line":116,"column":4},"end":{"line":116,"column":20}},"59":{"start":{"line":120,"column":0},"end":{"line":122,"column":2}},"60":{"start":{"line":121,"column":2},"end":{"line":121,"column":54}},"61":{"start":{"line":127,"column":0},"end":{"line":127,"column":21}}},"fnMap":{"0":{"name":"(anonymous_0)","decl":{"start":{"line":10,"column":12},"end":{"line":10,"column":13}},"loc":{"start":{"line":10,"column":23},"end":{"line":12,"column":1}},"line":10},"1":{"name":"(anonymous_1)","decl":{"start":{"line":14,"column":15},"end":{"line":14,"column":16}},"loc":{"start":{"line":14,"column":27},"end":{"line":34,"column":1}},"line":14},"2":{"name":"(anonymous_2)","decl":{"start":{"line":26,"column":12},"end":{"line":26,"column":13}},"loc":{"start":{"line":26,"column":24},"end":{"line":28,"column":7}},"line":26},"3":{"name":"(anonymous_3)","decl":{"start":{"line":29,"column":13},"end":{"line":29,"column":14}},"loc":{"start":{"line":29,"column":20},"end":{"line":31,"column":7}},"line":29},"4":{"name":"(anonymous_4)","decl":{"start":{"line":36,"column":16},"end":{"line":36,"column":17}},"loc":{"start":{"line":36,"column":27},"end":{"line":53,"column":1}},"line":36},"5":{"name":"(anonymous_5)","decl":{"start":{"line":45,"column":10},"end":{"line":45,"column":11}},"loc":{"start":{"line":45,"column":22},"end":{"line":48,"column":5}},"line":45},"6":{"name":"(anonymous_6)","decl":{"start":{"line":49,"column":11},"end":{"line":49,"column":12}},"loc":{"start":{"line":49,"column":18},"end":{"line":51,"column":5}},"line":49},"7":{"name":"(anonymous_7)","decl":{"start":{"line":55,"column":27},"end":{"line":55,"column":28}},"loc":{"start":{"line":55,"column":38},"end":{"line":71,"column":1}},"line":55},"8":{"name":"(anonymous_8)","decl":{"start":{"line":64,"column":10},"end":{"line":64,"column":11}},"loc":{"start":{"line":64,"column":22},"end":{"line":66,"column":5}},"line":64},"9":{"name":"(anonymous_9)","decl":{"start":{"line":67,"column":11},"end":{"line":67,"column":12}},"loc":{"start":{"line":67,"column":18},"end":{"line":69,"column":5}},"line":67},"10":{"name":"(anonymous_10)","decl":{"start":{"line":73,"column":27},"end":{"line":73,"column":28}},"loc":{"start":{"line":73,"column":38},"end":{"line":83,"column":1}},"line":73},"11":{"name":"(anonymous_11)","decl":{"start":{"line":77,"column":8},"end":{"line":77,"column":9}},"loc":{"start":{"line":77,"column":20},"end":{"line":79,"column":3}},"line":77},"12":{"name":"(anonymous_12)","decl":{"start":{"line":80,"column":9},"end":{"line":80,"column":10}},"loc":{"start":{"line":80,"column":16},"end":{"line":82,"column":3}},"line":80},"13":{"name":"(anonymous_13)","decl":{"start":{"line":85,"column":26},"end":{"line":85,"column":27}},"loc":{"start":{"line":85,"column":38},"end":{"line":94,"column":1}},"line":85},"14":{"name":"(anonymous_14)","decl":{"start":{"line":88,"column":8},"end":{"line":88,"column":9}},"loc":{"start":{"line":88,"column":20},"end":{"line":90,"column":3}},"line":88},"15":{"name":"(anonymous_15)","decl":{"start":{"line":91,"column":9},"end":{"line":91,"column":10}},"loc":{"start":{"line":91,"column":16},"end":{"line":93,"column":3}},"line":91},"16":{"name":"(anonymous_16)","decl":{"start":{"line":96,"column":36},"end":{"line":96,"column":37}},"loc":{"start":{"line":96,"column":48},"end":{"line":106,"column":1}},"line":96},"17":{"name":"(anonymous_17)","decl":{"start":{"line":99,"column":8},"end":{"line":99,"column":9}},"loc":{"start":{"line":99,"column":20},"end":{"line":101,"column":3}},"line":99},"18":{"name":"(anonymous_18)","decl":{"start":{"line":102,"column":9},"end":{"line":102,"column":10}},"loc":{"start":{"line":102,"column":16},"end":{"line":105,"column":3}},"line":102},"19":{"name":"(anonymous_19)","decl":{"start":{"line":108,"column":39},"end":{"line":108,"column":40}},"loc":{"start":{"line":108,"column":51},"end":{"line":118,"column":1}},"line":108},"20":{"name":"(anonymous_20)","decl":{"start":{"line":111,"column":8},"end":{"line":111,"column":9}},"loc":{"start":{"line":111,"column":20},"end":{"line":113,"column":3}},"line":111},"21":{"name":"(anonymous_21)","decl":{"start":{"line":114,"column":9},"end":{"line":114,"column":10}},"loc":{"start":{"line":114,"column":16},"end":{"line":117,"column":3}},"line":114},"22":{"name":"(anonymous_22)","decl":{"start":{"line":120,"column":17},"end":{"line":120,"column":18}},"loc":{"start":{"line":120,"column":23},"end":{"line":122,"column":1}},"line":120}},"branchMap":{"0":{"loc":{"start":{"line":17,"column":4},"end":{"line":21,"column":5}},"type":"if","locations":[{"start":{"line":17,"column":4},"end":{"line":21,"column":5}},{"start":{"line":19,"column":10},"end":{"line":21,"column":5}}],"line":17},"1":{"loc":{"start":{"line":22,"column":4},"end":{"line":33,"column":5}},"type":"if","locations":[{"start":{"line":22,"column":4},"end":{"line":33,"column":5}},{"start":{"line":24,"column":10},"end":{"line":33,"column":5}}],"line":22},"2":{"loc":{"start":{"line":22,"column":8},"end":{"line":22,"column":41}},"type":"binary-expr","locations":[{"start":{"line":22,"column":8},"end":{"line":22,"column":25}},{"start":{"line":22,"column":29},"end":{"line":22,"column":41}}],"line":22},"3":{"loc":{"start":{"line":61,"column":14},"end":{"line":61,"column":34}},"type":"binary-expr","locations":[{"start":{"line":61,"column":14},"end":{"line":61,"column":28}},{"start":{"line":61,"column":32},"end":{"line":61,"column":34}}],"line":61}},"s":{"0":1,"1":1,"2":1,"3":1,"4":1,"5":1,"6":1,"7":1,"8":1,"9":1,"10":1,"11":0,"12":1,"13":1,"14":0,"15":1,"16":1,"17":0,"18":1,"19":1,"20":1,"21":1,"22":1,"23":1,"24":1,"25":0,"26":1,"27":0,"28":0,"29":0,"30":0,"31":0,"32":0,"33":0,"34":0,"35":0,"36":1,"37":1,"38":1,"39":1,"40":1,"41":0,"42":1,"43":1,"44":1,"45":1,"46":0,"47":1,"48":0,"49":0,"50":0,"51":0,"52":0,"53":1,"54":0,"55":0,"56":0,"57":0,"58":0,"59":1,"60":0,"61":1},"f":{"0":1,"1":1,"2":1,"3":0,"4":1,"5":1,"6":0,"7":0,"8":0,"9":0,"10":1,"11":1,"12":0,"13":1,"14":1,"15":0,"16":0,"17":0,"18":0,"19":0,"20":0,"21":0,"22":0},"b":{"0":[0,1],"1":[0,1],"2":[1,1],"3":[0,0]},"_coverageSchema":"1a1c01bbd47fc00a2c39e90264f33305004495a9","hash":"cc33d2a98a61a705409f43d44a32bbec0f2a0c1f"}
,"/Users/zefengshen/Documents/hack reactor/rpp2204-sdc/sdc-questions-answers/schema.js": {"path":"/Users/zefengshen/Documents/hack reactor/rpp2204-sdc/sdc-questions-answers/schema.js","statementMap":{"0":{"start":{"line":3,"column":17},"end":{"line":3,"column":36}},"1":{"start":{"line":4,"column":0},"end":{"line":4,"column":28}},"2":{"start":{"line":7,"column":22},"end":{"line":31,"column":23}},"3":{"start":{"line":33,"column":21},"end":{"line":33,"column":82}},"4":{"start":{"line":37,"column":0},"end":{"line":39,"column":1}}},"fnMap":{},"branchMap":{},"s":{"0":1,"1":1,"2":1,"3":1,"4":1},"f":{},"b":{},"_coverageSchema":"1a1c01bbd47fc00a2c39e90264f33305004495a9","hash":"6004d64007e0269f60baa9f09e12c964dd14a867"}
}
