TN:
SF:db.js
FN:6,(anonymous_0)
FN:9,(anonymous_1)
FN:15,(anonymous_2)
FN:19,(anonymous_3)
FN:23,(anonymous_4)
FN:29,(anonymous_5)
FN:34,(anonymous_6)
FN:39,(anonymous_7)
FN:46,(anonymous_8)
FNF:9
FNH:5
FNDA:1,(anonymous_0)
FNDA:0,(anonymous_1)
FNDA:1,(anonymous_2)
FNDA:1,(anonymous_3)
FNDA:0,(anonymous_4)
FNDA:1,(anonymous_5)
FNDA:1,(anonymous_6)
FNDA:0,(anonymous_7)
FNDA:0,(anonymous_8)
DA:3,1
DA:4,1
DA:6,1
DA:7,1
DA:10,0
DA:15,1
DA:16,1
DA:19,1
DA:20,1
DA:23,1
DA:24,0
DA:29,1
DA:30,1
DA:34,1
DA:35,1
DA:39,1
DA:40,0
DA:41,0
DA:42,0
DA:46,1
DA:47,0
DA:48,0
DA:49,0
LF:23
LH:15
BRF:0
BRH:0
end_of_record
TN:
SF:index.js
FN:10,(anonymous_0)
FN:14,(anonymous_1)
FN:26,(anonymous_2)
FN:29,(anonymous_3)
FN:36,(anonymous_4)
FN:45,(anonymous_5)
FN:49,(anonymous_6)
FN:55,(anonymous_7)
FN:64,(anonymous_8)
FN:67,(anonymous_9)
FN:73,(anonymous_10)
FN:77,(anonymous_11)
FN:80,(anonymous_12)
FN:85,(anonymous_13)
FN:88,(anonymous_14)
FN:91,(anonymous_15)
FN:96,(anonymous_16)
FN:99,(anonymous_17)
FN:102,(anonymous_18)
FN:108,(anonymous_19)
FN:111,(anonymous_20)
FN:114,(anonymous_21)
FN:120,(anonymous_22)
FNF:23
FNH:9
FNDA:1,(anonymous_0)
FNDA:1,(anonymous_1)
FNDA:1,(anonymous_2)
FNDA:0,(anonymous_3)
FNDA:1,(anonymous_4)
FNDA:1,(anonymous_5)
FNDA:0,(anonymous_6)
FNDA:0,(anonymous_7)
FNDA:0,(anonymous_8)
FNDA:0,(anonymous_9)
FNDA:1,(anonymous_10)
FNDA:1,(anonymous_11)
FNDA:0,(anonymous_12)
FNDA:1,(anonymous_13)
FNDA:1,(anonymous_14)
FNDA:0,(anonymous_15)
FNDA:0,(anonymous_16)
FNDA:0,(anonymous_17)
FNDA:0,(anonymous_18)
FNDA:0,(anonymous_19)
FNDA:0,(anonymous_20)
FNDA:0,(anonymous_21)
FNDA:0,(anonymous_22)
DA:2,1
DA:3,1
DA:4,1
DA:5,1
DA:6,1
DA:8,1
DA:10,1
DA:11,1
DA:14,1
DA:16,1
DA:17,1
DA:18,0
DA:20,1
DA:22,1
DA:23,0
DA:25,1
DA:27,1
DA:30,0
DA:36,1
DA:38,1
DA:39,1
DA:40,1
DA:41,1
DA:44,1
DA:46,1
DA:50,0
DA:55,1
DA:56,0
DA:57,0
DA:58,0
DA:59,0
DA:60,0
DA:61,0
DA:63,0
DA:65,0
DA:68,0
DA:73,1
DA:74,1
DA:75,1
DA:76,1
DA:78,1
DA:81,0
DA:85,1
DA:86,1
DA:87,1
DA:89,1
DA:92,0
DA:96,1
DA:97,0
DA:98,0
DA:100,0
DA:103,0
DA:104,0
DA:108,1
DA:109,0
DA:110,0
DA:112,0
DA:115,0
DA:116,0
DA:120,1
DA:121,0
DA:127,1
LF:62
LH:36
BRDA:17,0,0,0
BRDA:17,0,1,1
BRDA:22,1,0,0
BRDA:22,1,1,1
BRDA:22,2,0,1
BRDA:22,2,1,1
BRDA:61,3,0,0
BRDA:61,3,1,0
BRF:8
BRH:4
end_of_record
TN:
SF:schema.js
FNF:0
FNH:0
DA:3,1
DA:4,1
DA:7,1
DA:33,1
DA:37,1
LF:5
LH:5
BRF:0
BRH:0
end_of_record
